
2023/06/02 (20:59:53) | ===> btop++ v.1.2.13
2023/06/02 (20:59:53) | ERROR: Invalid hex value: 40a02b
theme[temp_mid]=
2023/06/02 (21:00:05) | ERROR: Invalid hex value: 40a02b
theme[temp_mid]=
2023/06/02 (21:00:06) | ERROR: Invalid hex value: 40a02b
theme[temp_mid]=
2023/06/02 (21:00:09) | ERROR: Invalid hex value: 40a02b
theme[temp_mid]=
2023/06/02 (21:01:06) | ERROR: Invalid hex value: 40a02b
theme[temp_mid]=
2023/06/02 (21:01:14) | ERROR: Invalid hex value: 40a02b
theme[temp_mid]=

2023/06/02 (21:02:42) | ===> btop++ v.1.2.13
2023/06/02 (21:02:42) | ERROR: Invalid hex value: 40a02b
theme[temp_mid]=

2023/06/02 (21:03:25) | ===> btop++ v.1.2.13
2023/06/02 (21:03:25) | ERROR: Invalid hex value: 40a02b
theme[temp_mid]=
2023/06/02 (21:04:09) | INFO: Logger set to INFO
2023/06/02 (21:04:10) | INFO: Logger set to DEBUG
